This file contains any messages produced by compilers while
running configure, to aid debugging if configure makes a mistake.

It was created by DiVinE-cluster configure 0.8.2, which was
generated by GNU Autoconf 2.61.  Invocation command line was

  $ ./configure 

## --------- ##
## Platform. ##
## --------- ##

hostname = mnemosyne
uname -m = i686
uname -r = 2.6.18-6-686
uname -s = Linux
uname -v = #1 SMP Sun Feb 10 22:11:31 UTC 2008

/usr/bin/uname -p = unknown
/bin/uname -X     = unknown

/bin/arch              = i686
/usr/bin/arch -k       = unknown
/usr/convex/getsysinfo = unknown
/usr/bin/hostinfo      = unknown
/bin/machine           = unknown
/usr/bin/oslevel       = unknown
/bin/universe          = unknown

PATH: /usr/local/bin
PATH: /usr/bin
PATH: /bin
PATH: /usr/bin/X11
PATH: /usr/games
PATH: /home/morszag/Desktop/tools/git-1.6.3.3
PATH: /home/morszag/Desktop/tools/jdk1.6.0_14/bin


## ----------- ##
## Core tests. ##
## ----------- ##

configure:1875: checking for a BSD-compatible install
configure:1931: result: /usr/bin/install -c
configure:1942: checking whether build environment is sane
configure:1985: result: yes
configure:2013: checking for a thread-safe mkdir -p
configure:2052: result: /bin/mkdir -p
configure:2065: checking for gawk
configure:2081: found /usr/bin/gawk
configure:2092: result: gawk
configure:2103: checking whether make sets $(MAKE)
configure:2124: result: yes
configure:2307: checking how to create a pax tar archive
configure:2320: tar --version
tar (GNU tar) 1.16
Copyright (C) 2006 Free Software Foundation, Inc.
This is free software.  You may redistribute copies of it under the terms of
the GNU General Public License <http://www.gnu.org/licenses/gpl.html>.
There is NO WARRANTY, to the extent permitted by law.

Written by John Gilmore and Jay Fenlason.
configure:2323: $? = 0
configure:2363: tardir=conftest.dir && eval tar --format=posix -chf - "$tardir" >conftest.tar
configure:2366: $? = 0
configure:2370: tar -xf - <conftest.tar
tar: conftest.dir/file: time stamp 2009-07-01 15:43:05 is 3.593043165 s in the future
tar: conftest.dir: time stamp 2009-07-01 15:43:05 is 3.592645427 s in the future
configure:2373: $? = 0
configure:2386: result: gnutar
configure:2455: checking for g++
configure:2471: found /usr/bin/g++
configure:2482: result: g++
configure:2513: checking for C++ compiler version
configure:2520: g++ --version >&5
g++ (GCC) 4.1.2 20061115 (prerelease) (Debian 4.1.1-21)
Copyright (C) 2006 Free Software Foundation, Inc.
This is free software; see the source for copying conditions.  There is NO
warranty; not even for MERCHANTABILITY or FITNESS FOR A PARTICULAR PURPOSE.

configure:2523: $? = 0
configure:2530: g++ -v >&5
Using built-in specs.
Target: i486-linux-gnu
Configured with: ../src/configure -v --enable-languages=c,c++,fortran,objc,obj-c++,treelang --prefix=/usr --enable-shared --with-system-zlib --libexecdir=/usr/lib --without-included-gettext --enable-threads=posix --enable-nls --program-suffix=-4.1 --enable-__cxa_atexit --enable-clocale=gnu --enable-libstdcxx-debug --enable-mpfr --with-tune=i686 --enable-checking=release i486-linux-gnu
Thread model: posix
gcc version 4.1.2 20061115 (prerelease) (Debian 4.1.1-21)
configure:2533: $? = 0
configure:2540: g++ -V >&5
g++: '-V' option must have argument
configure:2543: $? = 1
configure:2566: checking for C++ compiler default output file name
configure:2593: g++    conftest.cpp  >&5
configure:2596: $? = 0
configure:2634: result: a.out
configure:2651: checking whether the C++ compiler works
configure:2661: ./a.out
configure:2664: $? = 0
configure:2681: result: yes
configure:2688: checking whether we are cross compiling
configure:2690: result: no
configure:2693: checking for suffix of executables
configure:2700: g++ -o conftest    conftest.cpp  >&5
configure:2703: $? = 0
configure:2727: result: 
configure:2733: checking for suffix of object files
configure:2759: g++ -c   conftest.cpp >&5
configure:2762: $? = 0
configure:2785: result: o
configure:2789: checking whether we are using the GNU C++ compiler
configure:2818: g++ -c   conftest.cpp >&5
configure:2824: $? = 0
configure:2841: result: yes
configure:2846: checking whether g++ accepts -g
configure:2876: g++ -c -g  conftest.cpp >&5
configure:2882: $? = 0
configure:2981: result: yes
configure:3015: checking for style of include used by make
configure:3043: result: GNU
configure:3068: checking dependency style of g++
configure:3159: result: gcc3
configure:3222: checking for gcc
configure:3238: found /usr/bin/gcc
configure:3249: result: gcc
configure:3487: checking for C compiler version
configure:3494: gcc --version >&5
gcc (GCC) 4.1.2 20061115 (prerelease) (Debian 4.1.1-21)
Copyright (C) 2006 Free Software Foundation, Inc.
This is free software; see the source for copying conditions.  There is NO
warranty; not even for MERCHANTABILITY or FITNESS FOR A PARTICULAR PURPOSE.

configure:3497: $? = 0
configure:3504: gcc -v >&5
Using built-in specs.
Target: i486-linux-gnu
Configured with: ../src/configure -v --enable-languages=c,c++,fortran,objc,obj-c++,treelang --prefix=/usr --enable-shared --with-system-zlib --libexecdir=/usr/lib --without-included-gettext --enable-threads=posix --enable-nls --program-suffix=-4.1 --enable-__cxa_atexit --enable-clocale=gnu --enable-libstdcxx-debug --enable-mpfr --with-tune=i686 --enable-checking=release i486-linux-gnu
Thread model: posix
gcc version 4.1.2 20061115 (prerelease) (Debian 4.1.1-21)
configure:3507: $? = 0
configure:3514: gcc -V >&5
gcc: '-V' option must have argument
configure:3517: $? = 1
configure:3520: checking whether we are using the GNU C compiler
configure:3549: gcc -c   conftest.c >&5
configure:3555: $? = 0
configure:3572: result: yes
configure:3577: checking whether gcc accepts -g
configure:3607: gcc -c -g  conftest.c >&5
configure:3613: $? = 0
configure:3712: result: yes
configure:3729: checking for gcc option to accept ISO C89
configure:3803: gcc  -c -g -O2  conftest.c >&5
configure:3809: $? = 0
configure:3832: result: none needed
configure:3852: checking dependency style of gcc
configure:3943: result: gcc3
configure:3963: checking how to run the C preprocessor
configure:4003: gcc -E  conftest.c
configure:4009: $? = 0
configure:4040: gcc -E  conftest.c
conftest.c:10:28: error: ac_nonexistent.h: No such file or directory
configure:4046: $? = 1
configure: failed program was:
| /* confdefs.h.  */
| #define PACKAGE_NAME "DiVinE-cluster"
| #define PACKAGE_TARNAME "divine-cluster"
| #define PACKAGE_VERSION "0.8.2"
| #define PACKAGE_STRING "DiVinE-cluster 0.8.2"
| #define PACKAGE_BUGREPORT "divine(a)fi.muni.cz"
| #define PACKAGE "divine-cluster"
| #define VERSION "0.8.2"
| /* end confdefs.h.  */
| #include <ac_nonexistent.h>
configure:4079: result: gcc -E
configure:4108: gcc -E  conftest.c
configure:4114: $? = 0
configure:4145: gcc -E  conftest.c
conftest.c:10:28: error: ac_nonexistent.h: No such file or directory
configure:4151: $? = 1
configure: failed program was:
| /* confdefs.h.  */
| #define PACKAGE_NAME "DiVinE-cluster"
| #define PACKAGE_TARNAME "divine-cluster"
| #define PACKAGE_VERSION "0.8.2"
| #define PACKAGE_STRING "DiVinE-cluster 0.8.2"
| #define PACKAGE_BUGREPORT "divine(a)fi.muni.cz"
| #define PACKAGE "divine-cluster"
| #define VERSION "0.8.2"
| /* end confdefs.h.  */
| #include <ac_nonexistent.h>
configure:4188: checking whether make sets $(MAKE)
configure:4209: result: yes
configure:4261: checking for ranlib
configure:4277: found /usr/bin/ranlib
configure:4288: result: ranlib
configure:4327: checking for a BSD-compatible install
configure:4383: result: /usr/bin/install -c
configure:4406: checking how to run the C++ preprocessor
configure:4442: g++ -E  conftest.cpp
configure:4448: $? = 0
configure:4479: g++ -E  conftest.cpp
conftest.cpp:10:28: error: ac_nonexistent.h: No such file or directory
configure:4485: $? = 1
configure: failed program was:
| /* confdefs.h.  */
| #define PACKAGE_NAME "DiVinE-cluster"
| #define PACKAGE_TARNAME "divine-cluster"
| #define PACKAGE_VERSION "0.8.2"
| #define PACKAGE_STRING "DiVinE-cluster 0.8.2"
| #define PACKAGE_BUGREPORT "divine(a)fi.muni.cz"
| #define PACKAGE "divine-cluster"
| #define VERSION "0.8.2"
| /* end confdefs.h.  */
| #include <ac_nonexistent.h>
configure:4518: result: g++ -E
configure:4547: g++ -E  conftest.cpp
configure:4553: $? = 0
configure:4584: g++ -E  conftest.cpp
conftest.cpp:10:28: error: ac_nonexistent.h: No such file or directory
configure:4590: $? = 1
configure: failed program was:
| /* confdefs.h.  */
| #define PACKAGE_NAME "DiVinE-cluster"
| #define PACKAGE_TARNAME "divine-cluster"
| #define PACKAGE_VERSION "0.8.2"
| #define PACKAGE_STRING "DiVinE-cluster 0.8.2"
| #define PACKAGE_BUGREPORT "divine(a)fi.muni.cz"
| #define PACKAGE "divine-cluster"
| #define VERSION "0.8.2"
| /* end confdefs.h.  */
| #include <ac_nonexistent.h>
configure:4628: checking for grep that handles long lines and -e
configure:4702: result: /bin/grep
configure:4707: checking for egrep
configure:4785: result: /bin/grep -E
configure:4790: checking for ANSI C header files
configure:4820: g++ -c -g -O2  conftest.cpp >&5
configure:4826: $? = 0
configure:4925: g++ -o conftest -g -O2   conftest.cpp  >&5
configure:4928: $? = 0
configure:4934: ./conftest
configure:4937: $? = 0
configure:4954: result: yes
configure:4978: checking for sys/types.h
configure:4999: g++ -c -g -O2  conftest.cpp >&5
configure:5005: $? = 0
configure:5021: result: yes
configure:4978: checking for sys/stat.h
configure:4999: g++ -c -g -O2  conftest.cpp >&5
configure:5005: $? = 0
configure:5021: result: yes
configure:4978: checking for stdlib.h
configure:4999: g++ -c -g -O2  conftest.cpp >&5
configure:5005: $? = 0
configure:5021: result: yes
configure:4978: checking for string.h
configure:4999: g++ -c -g -O2  conftest.cpp >&5
configure:5005: $? = 0
configure:5021: result: yes
configure:4978: checking for memory.h
configure:4999: g++ -c -g -O2  conftest.cpp >&5
configure:5005: $? = 0
configure:5021: result: yes
configure:4978: checking for strings.h
configure:4999: g++ -c -g -O2  conftest.cpp >&5
configure:5005: $? = 0
configure:5021: result: yes
configure:4978: checking for inttypes.h
configure:4999: g++ -c -g -O2  conftest.cpp >&5
configure:5005: $? = 0
configure:5021: result: yes
configure:4978: checking for stdint.h
configure:4999: g++ -c -g -O2  conftest.cpp >&5
configure:5005: $? = 0
configure:5021: result: yes
configure:4978: checking for unistd.h
configure:4999: g++ -c -g -O2  conftest.cpp >&5
configure:5005: $? = 0
configure:5021: result: yes
configure:5053: checking fcntl.h usability
configure:5070: g++ -c -g -O2  conftest.cpp >&5
configure:5076: $? = 0
configure:5090: result: yes
configure:5094: checking fcntl.h presence
configure:5109: g++ -E  conftest.cpp
configure:5115: $? = 0
configure:5129: result: yes
configure:5162: checking for fcntl.h
configure:5170: result: yes
configure:5053: checking stddef.h usability
configure:5070: g++ -c -g -O2  conftest.cpp >&5
configure:5076: $? = 0
configure:5090: result: yes
configure:5094: checking stddef.h presence
configure:5109: g++ -E  conftest.cpp
configure:5115: $? = 0
configure:5129: result: yes
configure:5162: checking for stddef.h
configure:5170: result: yes
configure:5043: checking for stdlib.h
configure:5049: result: yes
configure:5043: checking for string.h
configure:5049: result: yes
configure:5053: checking sys/time.h usability
configure:5070: g++ -c -g -O2  conftest.cpp >&5
configure:5076: $? = 0
configure:5090: result: yes
configure:5094: checking sys/time.h presence
configure:5109: g++ -E  conftest.cpp
configure:5115: $? = 0
configure:5129: result: yes
configure:5162: checking for sys/time.h
configure:5170: result: yes
configure:5043: checking for unistd.h
configure:5049: result: yes
configure:5185: checking whether the compiler implements namespaces
configure:5218: g++ -c -g -O2  conftest.cpp >&5
configure:5224: $? = 0
configure:5246: result: yes
configure:5256: checking whether the compiler has ios_base
configure:5294: g++ -c -g -O2  conftest.cpp >&5
configure:5300: $? = 0
configure:5322: result: yes
configure:5332: checking for stdbool.h that conforms to C99
configure:5425: g++ -c -g -O2  conftest.cpp >&5
configure:5431: $? = 0
configure:5446: result: yes
configure:5448: checking for _Bool
configure:5478: g++ -c -g -O2  conftest.cpp >&5
conftest.cpp:60: error: '_Bool' does not name a type
conftest.cpp: In function 'int main()':
conftest.cpp:64: error: 'ac__type_new_' was not declared in this scope
conftest.cpp:64: error: expected primary-expression before ')' token
conftest.cpp:64: error: expected `)' before numeric constant
conftest.cpp:66: error: 'ac__type_new_' was not declared in this scope
configure:5484: $? = 1
configure: failed program was:
| /* confdefs.h.  */
| #define PACKAGE_NAME "DiVinE-cluster"
| #define PACKAGE_TARNAME "divine-cluster"
| #define PACKAGE_VERSION "0.8.2"
| #define PACKAGE_STRING "DiVinE-cluster 0.8.2"
| #define PACKAGE_BUGREPORT "divine(a)fi.muni.cz"
| #define PACKAGE "divine-cluster"
| #define VERSION "0.8.2"
| #define STDC_HEADERS 1
| #define HAVE_SYS_TYPES_H 1
| #define HAVE_SYS_STAT_H 1
| #define HAVE_STDLIB_H 1
| #define HAVE_STRING_H 1
| #define HAVE_MEMORY_H 1
| #define HAVE_STRINGS_H 1
| #define HAVE_INTTYPES_H 1
| #define HAVE_STDINT_H 1
| #define HAVE_UNISTD_H 1
| #define HAVE_FCNTL_H 1
| #define HAVE_STDDEF_H 1
| #define HAVE_STDLIB_H 1
| #define HAVE_STRING_H 1
| #define HAVE_SYS_TIME_H 1
| #define HAVE_UNISTD_H 1
| #define HAVE_NAMESPACES
| /* end confdefs.h.  */
| #include <stdio.h>
| #ifdef HAVE_SYS_TYPES_H
| # include <sys/types.h>
| #endif
| #ifdef HAVE_SYS_STAT_H
| # include <sys/stat.h>
| #endif
| #ifdef STDC_HEADERS
| # include <stdlib.h>
| # include <stddef.h>
| #else
| # ifdef HAVE_STDLIB_H
| #  include <stdlib.h>
| # endif
| #endif
| #ifdef HAVE_STRING_H
| # if !defined STDC_HEADERS && defined HAVE_MEMORY_H
| #  include <memory.h>
| # endif
| # include <string.h>
| #endif
| #ifdef HAVE_STRINGS_H
| # include <strings.h>
| #endif
| #ifdef HAVE_INTTYPES_H
| # include <inttypes.h>
| #endif
| #ifdef HAVE_STDINT_H
| # include <stdint.h>
| #endif
| #ifdef HAVE_UNISTD_H
| # include <unistd.h>
| #endif
| typedef _Bool ac__type_new_;
| int
| main ()
| {
| if ((ac__type_new_ *) 0)
|   return 0;
| if (sizeof (ac__type_new_))
|   return 0;
|   ;
|   return 0;
| }
configure:5499: result: no
configure:5518: checking for an ANSI C-conforming const
configure:5593: g++ -c -g -O2  conftest.cpp >&5
configure:5599: $? = 0
configure:5614: result: yes
configure:5624: checking for inline
configure:5650: g++ -c -g -O2  conftest.cpp >&5
configure:5656: $? = 0
configure:5674: result: inline
configure:5693: checking for size_t
configure:5723: g++ -c -g -O2  conftest.cpp >&5
configure:5729: $? = 0
configure:5744: result: yes
configure:5756: checking whether time.h and sys/time.h may both be included
configure:5786: g++ -c -g -O2  conftest.cpp >&5
configure:5792: $? = 0
configure:5807: result: yes
configure:5817: checking for size_t
configure:5868: result: yes
configure:5881: checking for stdint types
configure:5914: g++ -c   conftest.cpp >&5
configure:5920: $? = 0
configure:5998: result: stdint.h (shortcircuit)
configure:8704: result: make use of stdint.h in src/divine-int.hh (assuming C99 compatible system)
configure:8713: checking for error_at_line
configure:8739: g++ -o conftest -g -O2   conftest.cpp  >&5
configure:8745: $? = 0
configure:8762: result: yes
configure:8779: checking for stdlib.h
configure:8785: result: yes
configure:8919: checking for GNU libc compatible malloc
configure:8953: g++ -o conftest -g -O2   conftest.cpp  >&5
configure:8956: $? = 0
configure:8962: ./conftest
configure:8965: $? = 0
configure:8981: result: yes
configure:9009: checking for working memcmp
configure:9062: g++ -o conftest -g -O2   conftest.cpp  >&5
configure:9065: $? = 0
configure:9071: ./conftest
configure:9074: $? = 0
configure:9090: result: yes
configure:9104: checking for stdlib.h
configure:9110: result: yes
configure:9244: checking for GNU libc compatible realloc
configure:9278: g++ -o conftest -g -O2   conftest.cpp  >&5
configure:9281: $? = 0
configure:9287: ./conftest
configure:9290: $? = 0
configure:9306: result: yes
configure:9334: checking return type of signal handlers
configure:9362: g++ -c -g -O2  conftest.cpp >&5
conftest.cpp: In function 'int main()':
conftest.cpp:39: error: void value not ignored as it ought to be
configure:9368: $? = 1
configure: failed program was:
| /* confdefs.h.  */
| #define PACKAGE_NAME "DiVinE-cluster"
| #define PACKAGE_TARNAME "divine-cluster"
| #define PACKAGE_VERSION "0.8.2"
| #define PACKAGE_STRING "DiVinE-cluster 0.8.2"
| #define PACKAGE_BUGREPORT "divine(a)fi.muni.cz"
| #define PACKAGE "divine-cluster"
| #define VERSION "0.8.2"
| #define STDC_HEADERS 1
| #define HAVE_SYS_TYPES_H 1
| #define HAVE_SYS_STAT_H 1
| #define HAVE_STDLIB_H 1
| #define HAVE_STRING_H 1
| #define HAVE_MEMORY_H 1
| #define HAVE_STRINGS_H 1
| #define HAVE_INTTYPES_H 1
| #define HAVE_STDINT_H 1
| #define HAVE_UNISTD_H 1
| #define HAVE_FCNTL_H 1
| #define HAVE_STDDEF_H 1
| #define HAVE_STDLIB_H 1
| #define HAVE_STRING_H 1
| #define HAVE_SYS_TIME_H 1
| #define HAVE_UNISTD_H 1
| #define HAVE_NAMESPACES
| #define HAVE_STDBOOL_H 1
| #define TIME_WITH_SYS_TIME 1
| #define HAVE_STDLIB_H 1
| #define HAVE_MALLOC 1
| #define HAVE_STDLIB_H 1
| #define HAVE_REALLOC 1
| /* end confdefs.h.  */
| #include <sys/types.h>
| #include <signal.h>
| 
| int
| main ()
| {
| return *(signal (0, 0)) (0) == 1;
|   ;
|   return 0;
| }
configure:9383: result: void
configure:9400: checking for alarm
configure:9456: g++ -o conftest -g -O2   conftest.cpp  >&5
configure:9462: $? = 0
configure:9480: result: yes
configure:9400: checking for floor
configure:9456: g++ -o conftest -g -O2   conftest.cpp  >&5
configure:9462: $? = 0
configure:9480: result: yes
configure:9400: checking for gettimeofday
configure:9456: g++ -o conftest -g -O2   conftest.cpp  >&5
configure:9462: $? = 0
configure:9480: result: yes
configure:9400: checking for memset
configure:9456: g++ -o conftest -g -O2   conftest.cpp  >&5
configure:9462: $? = 0
configure:9480: result: yes
configure:9400: checking for strchr
configure:9456: g++ -o conftest -g -O2   conftest.cpp  >&5
configure:9462: $? = 0
configure:9480: result: yes
configure:9400: checking for strdup
configure:9456: g++ -o conftest -g -O2   conftest.cpp  >&5
configure:9462: $? = 0
configure:9480: result: yes
configure:9498: checking for java
configure:9514: found /usr/bin/java
configure:9525: result: java
configure:9590: checking for uudecode
configure:9606: found /usr/bin/uudecode
configure:9617: result: yes
configure:9626: checking if uudecode can decode base 64 file
configure:9653: result: yes
configure:9800: checking if java works
configure:9834: java  Test
configure:9837: $? = 0
configure:9851: result: yes
configure:9862: checking for javac
configure:9878: found /usr/bin/javac
configure:9889: result: javac
configure:9952: checking if javac works
configure:9966: javac  Test.java
configure:9969: $? = 0
configure:9983: result: yes
configure:9998: checking for mpic++
configure:10028: result: no
configure:9998: checking for mpicxx
configure:10028: result: no
configure:9998: checking for mpiCC
configure:10028: result: no
configure:9998: checking for mpCC
configure:10028: result: no
configure:9998: checking for hcp
configure:10028: result: no
configure:9998: checking for mpxlC
configure:10028: result: no
configure:9998: checking for mpxlC_r
configure:10028: result: no
configure:9998: checking for cmpic++
configure:10028: result: no
configure:10043: checking for MPI_Init
configure:10099: g++ -o conftest -g -O2   conftest.cpp  >&5
/tmp/ccuUfuBs.o: In function `main':
/home/morszag/Desktop/tools/divine-cluster-0.8.2/conftest.cpp:74: undefined reference to `MPI_Init'
collect2: ld returned 1 exit status
configure:10105: $? = 1
configure: failed program was:
| /* confdefs.h.  */
| #define PACKAGE_NAME "DiVinE-cluster"
| #define PACKAGE_TARNAME "divine-cluster"
| #define PACKAGE_VERSION "0.8.2"
| #define PACKAGE_STRING "DiVinE-cluster 0.8.2"
| #define PACKAGE_BUGREPORT "divine(a)fi.muni.cz"
| #define PACKAGE "divine-cluster"
| #define VERSION "0.8.2"
| #define STDC_HEADERS 1
| #define HAVE_SYS_TYPES_H 1
| #define HAVE_SYS_STAT_H 1
| #define HAVE_STDLIB_H 1
| #define HAVE_STRING_H 1
| #define HAVE_MEMORY_H 1
| #define HAVE_STRINGS_H 1
| #define HAVE_INTTYPES_H 1
| #define HAVE_STDINT_H 1
| #define HAVE_UNISTD_H 1
| #define HAVE_FCNTL_H 1
| #define HAVE_STDDEF_H 1
| #define HAVE_STDLIB_H 1
| #define HAVE_STRING_H 1
| #define HAVE_SYS_TIME_H 1
| #define HAVE_UNISTD_H 1
| #define HAVE_NAMESPACES
| #define HAVE_STDBOOL_H 1
| #define TIME_WITH_SYS_TIME 1
| #define HAVE_STDLIB_H 1
| #define HAVE_MALLOC 1
| #define HAVE_STDLIB_H 1
| #define HAVE_REALLOC 1
| #define RETSIGTYPE void
| #define HAVE_ALARM 1
| #define HAVE_FLOOR 1
| #define HAVE_GETTIMEOFDAY 1
| #define HAVE_MEMSET 1
| #define HAVE_STRCHR 1
| #define HAVE_STRDUP 1
| /* end confdefs.h.  */
| /* Define MPI_Init to an innocuous variant, in case <limits.h> declares MPI_Init.
|    For example, HP-UX 11i <limits.h> declares gettimeofday.  */
| #define MPI_Init innocuous_MPI_Init
| 
| /* System header to define __stub macros and hopefully few prototypes,
|     which can conflict with char MPI_Init (); below.
|     Prefer <limits.h> to <assert.h> if __STDC__ is defined, since
|     <limits.h> exists even on freestanding compilers.  */
| 
| #ifdef __STDC__
| # include <limits.h>
| #else
| # include <assert.h>
| #endif
| 
| #undef MPI_Init
| 
| /* Override any GCC internal prototype to avoid an error.
|    Use char because int might match the return type of a GCC
|    builtin and then its argument prototype would still apply.  */
| #ifdef __cplusplus
| extern "C"
| #endif
| char MPI_Init ();
| /* The GNU C library defines this for functions which it implements
|     to always fail with ENOSYS.  Some functions are actually named
|     something starting with __ and the normal name is an alias.  */
| #if defined __stub_MPI_Init || defined __stub___MPI_Init
| choke me
| #endif
| 
| int
| main ()
| {
| return MPI_Init ();
|   ;
|   return 0;
| }
configure:10122: result: no
configure:10130: checking for MPI_Init in -lmpi
configure:10165: g++ -o conftest -g -O2   conftest.cpp -lmpi   >&5
/usr/bin/ld: cannot find -lmpi
collect2: ld returned 1 exit status
configure:10171: $? = 1
configure: failed program was:
| /* confdefs.h.  */
| #define PACKAGE_NAME "DiVinE-cluster"
| #define PACKAGE_TARNAME "divine-cluster"
| #define PACKAGE_VERSION "0.8.2"
| #define PACKAGE_STRING "DiVinE-cluster 0.8.2"
| #define PACKAGE_BUGREPORT "divine(a)fi.muni.cz"
| #define PACKAGE "divine-cluster"
| #define VERSION "0.8.2"
| #define STDC_HEADERS 1
| #define HAVE_SYS_TYPES_H 1
| #define HAVE_SYS_STAT_H 1
| #define HAVE_STDLIB_H 1
| #define HAVE_STRING_H 1
| #define HAVE_MEMORY_H 1
| #define HAVE_STRINGS_H 1
| #define HAVE_INTTYPES_H 1
| #define HAVE_STDINT_H 1
| #define HAVE_UNISTD_H 1
| #define HAVE_FCNTL_H 1
| #define HAVE_STDDEF_H 1
| #define HAVE_STDLIB_H 1
| #define HAVE_STRING_H 1
| #define HAVE_SYS_TIME_H 1
| #define HAVE_UNISTD_H 1
| #define HAVE_NAMESPACES
| #define HAVE_STDBOOL_H 1
| #define TIME_WITH_SYS_TIME 1
| #define HAVE_STDLIB_H 1
| #define HAVE_MALLOC 1
| #define HAVE_STDLIB_H 1
| #define HAVE_REALLOC 1
| #define RETSIGTYPE void
| #define HAVE_ALARM 1
| #define HAVE_FLOOR 1
| #define HAVE_GETTIMEOFDAY 1
| #define HAVE_MEMSET 1
| #define HAVE_STRCHR 1
| #define HAVE_STRDUP 1
| /* end confdefs.h.  */
| 
| /* Override any GCC internal prototype to avoid an error.
|    Use char because int might match the return type of a GCC
|    builtin and then its argument prototype would still apply.  */
| #ifdef __cplusplus
| extern "C"
| #endif
| char MPI_Init ();
| int
| main ()
| {
| return MPI_Init ();
|   ;
|   return 0;
| }
configure:10189: result: no
configure:10197: checking for MPI_Init in -lmpich
configure:10232: g++ -o conftest -g -O2   conftest.cpp -lmpich   >&5
/usr/bin/ld: cannot find -lmpich
collect2: ld returned 1 exit status
configure:10238: $? = 1
configure: failed program was:
| /* confdefs.h.  */
| #define PACKAGE_NAME "DiVinE-cluster"
| #define PACKAGE_TARNAME "divine-cluster"
| #define PACKAGE_VERSION "0.8.2"
| #define PACKAGE_STRING "DiVinE-cluster 0.8.2"
| #define PACKAGE_BUGREPORT "divine(a)fi.muni.cz"
| #define PACKAGE "divine-cluster"
| #define VERSION "0.8.2"
| #define STDC_HEADERS 1
| #define HAVE_SYS_TYPES_H 1
| #define HAVE_SYS_STAT_H 1
| #define HAVE_STDLIB_H 1
| #define HAVE_STRING_H 1
| #define HAVE_MEMORY_H 1
| #define HAVE_STRINGS_H 1
| #define HAVE_INTTYPES_H 1
| #define HAVE_STDINT_H 1
| #define HAVE_UNISTD_H 1
| #define HAVE_FCNTL_H 1
| #define HAVE_STDDEF_H 1
| #define HAVE_STDLIB_H 1
| #define HAVE_STRING_H 1
| #define HAVE_SYS_TIME_H 1
| #define HAVE_UNISTD_H 1
| #define HAVE_NAMESPACES
| #define HAVE_STDBOOL_H 1
| #define TIME_WITH_SYS_TIME 1
| #define HAVE_STDLIB_H 1
| #define HAVE_MALLOC 1
| #define HAVE_STDLIB_H 1
| #define HAVE_REALLOC 1
| #define RETSIGTYPE void
| #define HAVE_ALARM 1
| #define HAVE_FLOOR 1
| #define HAVE_GETTIMEOFDAY 1
| #define HAVE_MEMSET 1
| #define HAVE_STRCHR 1
| #define HAVE_STRDUP 1
| /* end confdefs.h.  */
| 
| /* Override any GCC internal prototype to avoid an error.
|    Use char because int might match the return type of a GCC
|    builtin and then its argument prototype would still apply.  */
| #ifdef __cplusplus
| extern "C"
| #endif
| char MPI_Init ();
| int
| main ()
| {
| return MPI_Init ();
|   ;
|   return 0;
| }
configure:10256: result: no
configure:10319: WARNING: Could not find properly installed MPI. Library libdivine.a cannot be compiled. Only sequential code will be compiled!!!
configure:10366: checking for ATwriteToSAFString
configure:10422: g++ -o conftest -g -O2   -LNONE/lib/mcrl2 conftest.cpp  -lmcrl2 >&5
/usr/bin/ld: cannot find -lmcrl2
collect2: ld returned 1 exit status
configure:10428: $? = 1
configure: failed program was:
| /* confdefs.h.  */
| #define PACKAGE_NAME "DiVinE-cluster"
| #define PACKAGE_TARNAME "divine-cluster"
| #define PACKAGE_VERSION "0.8.2"
| #define PACKAGE_STRING "DiVinE-cluster 0.8.2"
| #define PACKAGE_BUGREPORT "divine(a)fi.muni.cz"
| #define PACKAGE "divine-cluster"
| #define VERSION "0.8.2"
| #define STDC_HEADERS 1
| #define HAVE_SYS_TYPES_H 1
| #define HAVE_SYS_STAT_H 1
| #define HAVE_STDLIB_H 1
| #define HAVE_STRING_H 1
| #define HAVE_MEMORY_H 1
| #define HAVE_STRINGS_H 1
| #define HAVE_INTTYPES_H 1
| #define HAVE_STDINT_H 1
| #define HAVE_UNISTD_H 1
| #define HAVE_FCNTL_H 1
| #define HAVE_STDDEF_H 1
| #define HAVE_STDLIB_H 1
| #define HAVE_STRING_H 1
| #define HAVE_SYS_TIME_H 1
| #define HAVE_UNISTD_H 1
| #define HAVE_NAMESPACES
| #define HAVE_STDBOOL_H 1
| #define TIME_WITH_SYS_TIME 1
| #define HAVE_STDLIB_H 1
| #define HAVE_MALLOC 1
| #define HAVE_STDLIB_H 1
| #define HAVE_REALLOC 1
| #define RETSIGTYPE void
| #define HAVE_ALARM 1
| #define HAVE_FLOOR 1
| #define HAVE_GETTIMEOFDAY 1
| #define HAVE_MEMSET 1
| #define HAVE_STRCHR 1
| #define HAVE_STRDUP 1
| /* end confdefs.h.  */
| /* Define ATwriteToSAFString to an innocuous variant, in case <limits.h> declares ATwriteToSAFString.
|    For example, HP-UX 11i <limits.h> declares gettimeofday.  */
| #define ATwriteToSAFString innocuous_ATwriteToSAFString
| 
| /* System header to define __stub macros and hopefully few prototypes,
|     which can conflict with char ATwriteToSAFString (); below.
|     Prefer <limits.h> to <assert.h> if __STDC__ is defined, since
|     <limits.h> exists even on freestanding compilers.  */
| 
| #ifdef __STDC__
| # include <limits.h>
| #else
| # include <assert.h>
| #endif
| 
| #undef ATwriteToSAFString
| 
| /* Override any GCC internal prototype to avoid an error.
|    Use char because int might match the return type of a GCC
|    builtin and then its argument prototype would still apply.  */
| #ifdef __cplusplus
| extern "C"
| #endif
| char ATwriteToSAFString ();
| /* The GNU C library defines this for functions which it implements
|     to always fail with ENOSYS.  Some functions are actually named
|     something starting with __ and the normal name is an alias.  */
| #if defined __stub_ATwriteToSAFString || defined __stub___ATwriteToSAFString
| choke me
| #endif
| 
| int
| main ()
| {
| return ATwriteToSAFString ();
|   ;
|   return 0;
| }
configure:10445: result: no
configure:10490: checking for support/src/makeutils/cvs_test
configure:10505: result: no
configure:11290: creating ./config.status

## ---------------------- ##
## Running config.status. ##
## ---------------------- ##

This file was extended by DiVinE-cluster config.status 0.8.2, which was
generated by GNU Autoconf 2.61.  Invocation command line was

  CONFIG_FILES    = 
  CONFIG_HEADERS  = 
  CONFIG_LINKS    = 
  CONFIG_COMMANDS = 
  $ ./config.status 

on mnemosyne

config.status:740: creating Makefile
config.status:740: creating lib/Makefile
config.status:740: creating src/Makefile
config.status:740: creating tool/Makefile
config.status:740: creating tool/simulator/Makefile
config.status:740: creating tool/ltl2ba/Makefile
config.status:740: creating tool/lmu2ba/Makefile
config.status:740: creating tool/reachability/Makefile
config.status:740: creating tool/distr_reachability/Makefile
config.status:740: creating tool/token_based_ndfs/Makefile
config.status:740: creating tool/distr_map/Makefile
config.status:740: creating tool/property_driven_ndfs/Makefile
config.status:740: creating tool/model_manipulation/Makefile
config.status:740: creating tool/model_manipulation/jar/Makefile
config.status:740: creating tool/state_spaces/Makefile
config.status:740: creating tool/deps_cycle_detection/Makefile
config.status:740: creating tool/back_level_edge/Makefile
config.status:740: creating tool/owcty_reversed/Makefile
config.status:740: creating tool/owcty/Makefile
config.status:740: creating tool/negative_cycle_detection/Makefile
config.status:740: creating tool/utils/Makefile
config.status:740: creating tool/gui_helpers/Makefile
config.status:740: creating tool/ltl_mc/Makefile
config.status:740: creating tool/ndfs/Makefile
config.status:740: creating support/src/makeutils/Makefile
config.status:740: creating support/Makefile
config.status:740: creating doc/Makefile
config.status:740: creating doc/refs/Makefile
config.status:740: creating doc/tutorials/Makefile
config.status:740: creating doc/refs/library/Makefile
config.status:740: creating doc/refs/dwi/Makefile
config.status:740: creating doc/tutorials/library/Makefile
config.status:740: creating doc/tutorials/dve_language/Makefile
config.status:740: creating doc/tutorials/toolset/Makefile
config.status:740: creating doc/tutorials/development/Makefile
config.status:740: creating support/src/regression_tests/dve/transition/Makefile
config.status:740: creating support/src/regression_tests/dve/process/Makefile
config.status:740: creating support/src/regression_tests/dve/expression/Makefile
config.status:740: creating support/src/regression_tests/dve/Makefile
config.status:740: creating support/src/regression_tests/Makefile
config.status:740: creating support/src/debug/Makefile
config.status:740: creating support/src/Makefile
config.status:740: creating support/etc/doxygen/Makefile
config.status:740: creating support/etc/Makefile
config.status:740: creating support/src/local/Makefile
config.status:740: creating dwi/Makefile
config.status:931: executing depfiles commands
config.status:931: executing src/divine-int.hh commands
config.status:1063: creating src/divine-int.hh : _DIVINE_CLUSTER_SRC_DIVINE_INT_HH
config.status:1495: src/divine-int.hh is unchanged

## ---------------- ##
## Cache variables. ##
## ---------------- ##

ac_cv_c_compiler_gnu=yes
ac_cv_c_const=yes
ac_cv_c_inline=inline
ac_cv_cxx_compiler_gnu=yes
ac_cv_cxx_have_ios_base=yes
ac_cv_cxx_namespaces=yes
ac_cv_env_CCC_set=
ac_cv_env_CCC_value=
ac_cv_env_CC_set=
ac_cv_env_CC_value=
ac_cv_env_CFLAGS_set=
ac_cv_env_CFLAGS_value=
ac_cv_env_CPPFLAGS_set=
ac_cv_env_CPPFLAGS_value=
ac_cv_env_CPP_set=
ac_cv_env_CPP_value=
ac_cv_env_CXXCPP_set=
ac_cv_env_CXXCPP_value=
ac_cv_env_CXXFLAGS_set=
ac_cv_env_CXXFLAGS_value=
ac_cv_env_CXX_set=
ac_cv_env_CXX_value=
ac_cv_env_LDFLAGS_set=
ac_cv_env_LDFLAGS_value=
ac_cv_env_LIBS_set=
ac_cv_env_LIBS_value=
ac_cv_env_MPICXX_set=
ac_cv_env_MPICXX_value=
ac_cv_env_NETBUFFERSIZE_set=
ac_cv_env_NETBUFFERSIZE_value=
ac_cv_env_YACC_set=
ac_cv_env_YACC_value=
ac_cv_env_YFLAGS_set=
ac_cv_env_YFLAGS_value=
ac_cv_env_build_alias_set=
ac_cv_env_build_alias_value=
ac_cv_env_host_alias_set=
ac_cv_env_host_alias_value=
ac_cv_env_target_alias_set=
ac_cv_env_target_alias_value=
ac_cv_file_support_src_makeutils_cvs_test=no
ac_cv_func_ATwriteToSAFString=no
ac_cv_func_MPI_Init=no
ac_cv_func_alarm=yes
ac_cv_func_floor=yes
ac_cv_func_gettimeofday=yes
ac_cv_func_malloc_0_nonnull=yes
ac_cv_func_memcmp_working=yes
ac_cv_func_memset=yes
ac_cv_func_realloc_0_nonnull=yes
ac_cv_func_strchr=yes
ac_cv_func_strdup=yes
ac_cv_header_fcntl_h=yes
ac_cv_header_inttypes_h=yes
ac_cv_header_memory_h=yes
ac_cv_header_stdbool_h=yes
ac_cv_header_stdc=yes
ac_cv_header_stddef_h=yes
ac_cv_header_stdint=stdint.h
ac_cv_header_stdint_h=yes
ac_cv_header_stdint_t=stdint.h
ac_cv_header_stdlib_h=yes
ac_cv_header_string_h=yes
ac_cv_header_strings_h=yes
ac_cv_header_sys_stat_h=yes
ac_cv_header_sys_time_h=yes
ac_cv_header_sys_types_h=yes
ac_cv_header_time=yes
ac_cv_header_unistd_h=yes
ac_cv_lib_error_at_line=yes
ac_cv_lib_mpi_MPI_Init=no
ac_cv_lib_mpich_MPI_Init=no
ac_cv_objext=o
ac_cv_path_EGREP='/bin/grep -E'
ac_cv_path_GREP=/bin/grep
ac_cv_path_install='/usr/bin/install -c'
ac_cv_path_mkdir=/bin/mkdir
ac_cv_prog_AWK=gawk
ac_cv_prog_CPP='gcc -E'
ac_cv_prog_CXXCPP='g++ -E'
ac_cv_prog_JAVA=java
ac_cv_prog_JAVAC=javac
ac_cv_prog_ac_ct_CC=gcc
ac_cv_prog_ac_ct_CXX=g++
ac_cv_prog_ac_ct_RANLIB=ranlib
ac_cv_prog_cc_c89=
ac_cv_prog_cc_g=yes
ac_cv_prog_cxx_g=yes
ac_cv_prog_java_works=yes
ac_cv_prog_javac_works=yes
ac_cv_prog_make_make_set=yes
ac_cv_prog_uudecode=yes
ac_cv_prog_uudecode_base64=yes
ac_cv_stdint_message='using gnu compiler gcc (GCC) 4.1.2 20061115 (prerelease) (Debian 4.1.1-21)'
ac_cv_stdint_result='(assuming C99 compatible system)'
ac_cv_type__Bool=no
ac_cv_type_signal=void
ac_cv_type_size_t=yes
am_cv_CC_dependencies_compiler_type=gcc3
am_cv_CXX_dependencies_compiler_type=gcc3
am_cv_prog_tar_pax=gnutar

## ----------------- ##
## Output variables. ##
## ----------------- ##

ACLOCAL='${SHELL} /home/morszag/Desktop/tools/divine-cluster-0.8.2/support/src/makeutils/missing --run aclocal-1.10'
AMDEPBACKSLASH='\'
AMDEP_FALSE='#'
AMDEP_TRUE=''
AMTAR='${SHELL} /home/morszag/Desktop/tools/divine-cluster-0.8.2/support/src/makeutils/missing --run tar'
ANT=''
AUTOCONF='${SHELL} /home/morszag/Desktop/tools/divine-cluster-0.8.2/support/src/makeutils/missing --run autoconf'
AUTOHEADER='${SHELL} /home/morszag/Desktop/tools/divine-cluster-0.8.2/support/src/makeutils/missing --run autoheader'
AUTOMAKE='/usr/bin/automake'
AWK='gawk'
BUILDSUPPORT_FALSE=''
BUILDSUPPORT_TRUE='#'
CC='gcc'
CCDEPMODE='depmode=gcc3'
CFLAGS='-g -O2'
CHECKS_ONLYFAST_CPPFLAGS='-DDIVINE_FAST_CHECKS'
CHECKS_SLOW_CPPFLAGS='-DDIVINE_SLOW_CHECKS -DDIVINE_FAST_CHECKS'
CPP='gcc -E'
CPPFLAGS=''
CUSTOM_CPPFLAGS=''
CUSTOM_CXXFLAGS=' -O3'
CVSDATAPATH_FALSE=''
CVSDATAPATH_TRUE='#'
CXX='g++'
CXXCPP='g++ -E'
CXXDEPMODE='depmode=gcc3'
CXXFLAGS=''
CYGPATH_W='echo'
DEBUG_NO_CPPFLAGS='-O3'
DEBUG_YES_CPPFLAGS='-DDIVINE_DEBUG_MESSAGES'
DEBUG_YES_CXXFLAGS='-g'
DEFAULT_CPPFLAGS=''
DEFAULT_CXXFLAGS='-ansi -Wall'
DEFS='-DPACKAGE_NAME=\"DiVinE-cluster\" -DPACKAGE_TARNAME=\"divine-cluster\" -DPACKAGE_VERSION=\"0.8.2\" -DPACKAGE_STRING=\"DiVinE-cluster\ 0.8.2\" -DPACKAGE_BUGREPORT=\"divine\(a\)fi.muni.cz\" -DPACKAGE=\"divine-cluster\" -DVERSION=\"0.8.2\" -DSTDC_HEADERS=1 -DHAVE_SYS_TYPES_H=1 -DHAVE_SYS_STAT_H=1 -DHAVE_STDLIB_H=1 -DHAVE_STRING_H=1 -DHAVE_MEMORY_H=1 -DHAVE_STRINGS_H=1 -DHAVE_INTTYPES_H=1 -DHAVE_STDINT_H=1 -DHAVE_UNISTD_H=1 -DHAVE_FCNTL_H=1 -DHAVE_STDDEF_H=1 -DHAVE_STDLIB_H=1 -DHAVE_STRING_H=1 -DHAVE_SYS_TIME_H=1 -DHAVE_UNISTD_H=1 -DHAVE_NAMESPACES= -DHAVE_STDBOOL_H=1 -DTIME_WITH_SYS_TIME=1 -DHAVE_STDLIB_H=1 -DHAVE_MALLOC=1 -DHAVE_STDLIB_H=1 -DHAVE_REALLOC=1 -DRETSIGTYPE=void -DHAVE_ALARM=1 -DHAVE_FLOOR=1 -DHAVE_GETTIMEOFDAY=1 -DHAVE_MEMSET=1 -DHAVE_STRCHR=1 -DHAVE_STRDUP=1'
DEPDIR='.deps'
DONTBUILDGUI_FALSE=''
DONTBUILDGUI_TRUE='#'
DOXYGEN=''
ECHO_C=''
ECHO_N='-n'
ECHO_T=''
EGREP='/bin/grep -E'
EXEEXT=''
FORCE_CVS_STYLE_COMPILATION_FALSE=''
FORCE_CVS_STYLE_COMPILATION_TRUE='#'
GREP='/bin/grep'
GUIDIR='dwi'
HAVEMCRL2_FALSE=''
HAVEMCRL2_TRUE='#'
HAVEMPI_FALSE=''
HAVEMPI_TRUE='#'
INSTALL_DATA='${INSTALL} -m 644'
INSTALL_PROGRAM='${INSTALL}'
INSTALL_SCRIPT='${INSTALL}'
INSTALL_STRIP_PROGRAM='$(install_sh) -c -s'
IS_CVS_COPY='no'
JAVA='java'
JAVAC='javac'
JAVACPROBLEM=''
JAVAC_OK_FALSE='#'
JAVAC_OK_TRUE=''
JAVAPROBLEM=''
JAVA_OK_FALSE='#'
JAVA_OK_TRUE=''
LDFLAGS=''
LEX=''
LEXLIB=''
LEX_OUTPUT_ROOT=''
LIBOBJS=''
LIBS=''
LTLIBOBJS=''
MAKEINFO='${SHELL} /home/morszag/Desktop/tools/divine-cluster-0.8.2/support/src/makeutils/missing --run makeinfo'
MCRL2CFLAGS=''
MCRL2LDFLAGS=''
MCRL2LIBS=''
MPICXX='g++'
MPILIBS=''
MPI_FOUND=''
NETBUFFERSIZE='8192'
OBJEXT='o'
PACKAGE='divine-cluster'
PACKAGE_BUGREPORT='divine(a)fi.muni.cz'
PACKAGE_NAME='DiVinE-cluster'
PACKAGE_STRING='DiVinE-cluster 0.8.2'
PACKAGE_TARNAME='divine-cluster'
PACKAGE_VERSION='0.8.2'
PATH_SEPARATOR=':'
RANLIB='ranlib'
SET_MAKE=''
SHELL='/bin/sh'
STRIP=''
VERSION='0.8.2'
YACC=''
YFLAGS=''
abs_top_srcdir=''
ac_ct_CC='gcc'
ac_ct_CXX='g++'
am__fastdepCC_FALSE='#'
am__fastdepCC_TRUE=''
am__fastdepCXX_FALSE='#'
am__fastdepCXX_TRUE=''
am__include='include'
am__isrc=''
am__leading_dot='.'
am__quote=''
am__tar='tar --format=posix -chf - "$$tardir"'
am__untar='tar -xf -'
bindir='${exec_prefix}/bin'
build_alias=''
datadir='${datarootdir}'
datarootdir='${prefix}/share'
docdir='${datarootdir}/doc/${PACKAGE_TARNAME}'
dvidir='${docdir}'
exec_prefix='${prefix}'
host_alias=''
htmldir='${docdir}'
includedir='${prefix}/include'
infodir='${datarootdir}/info'
install_sh='$(SHELL) /home/morszag/Desktop/tools/divine-cluster-0.8.2/support/src/makeutils/install-sh'
libdir='${exec_prefix}/lib'
libexecdir='${exec_prefix}/libexec'
localedir='${datarootdir}/locale'
localstatedir='${prefix}/var'
mandir='${datarootdir}/man'
mkdir_p='/bin/mkdir -p'
oldincludedir='/usr/include'
pdfdir='${docdir}'
prefix='/usr/local'
program_transform_name='s,x,x,'
psdir='${docdir}'
sbindir='${exec_prefix}/sbin'
sharedstatedir='${prefix}/com'
sysconfdir='${prefix}/etc'
target_alias=''
uudecode='yes'

## ----------- ##
## confdefs.h. ##
## ----------- ##

#define PACKAGE_NAME "DiVinE-cluster"
#define PACKAGE_TARNAME "divine-cluster"
#define PACKAGE_VERSION "0.8.2"
#define PACKAGE_STRING "DiVinE-cluster 0.8.2"
#define PACKAGE_BUGREPORT "divine(a)fi.muni.cz"
#define PACKAGE "divine-cluster"
#define VERSION "0.8.2"
#define STDC_HEADERS 1
#define HAVE_SYS_TYPES_H 1
#define HAVE_SYS_STAT_H 1
#define HAVE_STDLIB_H 1
#define HAVE_STRING_H 1
#define HAVE_MEMORY_H 1
#define HAVE_STRINGS_H 1
#define HAVE_INTTYPES_H 1
#define HAVE_STDINT_H 1
#define HAVE_UNISTD_H 1
#define HAVE_FCNTL_H 1
#define HAVE_STDDEF_H 1
#define HAVE_STDLIB_H 1
#define HAVE_STRING_H 1
#define HAVE_SYS_TIME_H 1
#define HAVE_UNISTD_H 1
#define HAVE_NAMESPACES
#define HAVE_STDBOOL_H 1
#define TIME_WITH_SYS_TIME 1
#define HAVE_STDLIB_H 1
#define HAVE_MALLOC 1
#define HAVE_STDLIB_H 1
#define HAVE_REALLOC 1
#define RETSIGTYPE void
#define HAVE_ALARM 1
#define HAVE_FLOOR 1
#define HAVE_GETTIMEOFDAY 1
#define HAVE_MEMSET 1
#define HAVE_STRCHR 1
#define HAVE_STRDUP 1

configure: exit 0
